3935 [nREPL-worker-1] INFO  org.eclipse.jetty.server.Server - jetty-7.6.13.v20130916
3970 [nREPL-worker-1] INFO  o.e.jetty.server.AbstractConnector - Started SelectChannelConnector@0.0.0.0:8080
3877 [nREPL-worker-1] INFO  org.eclipse.jetty.server.Server - jetty-7.6.13.v20130916
3905 [nREPL-worker-1] INFO  o.e.jetty.server.AbstractConnector - Started SelectChannelConnector@0.0.0.0:8080
3728 [nREPL-worker-1] INFO  org.eclipse.jetty.server.Server - jetty-7.6.13.v20130916
3756 [nREPL-worker-1] INFO  o.e.jetty.server.AbstractConnector - Started SelectChannelConnector@0.0.0.0:8080
16361 [qtp1640088298-21] WARN  o.e.j.server.AbstractHttpConnection - /items
java.lang.Exception: Don't know how to write JSON of class java.sql.Timestamp
	at clojure.data.json$write_generic.invoke(json.clj:367) ~[core.typed-0.2.84.jar:na]
	at clojure.data.json$fn__18595$G__18590__18602.invoke(json.clj:284) ~[core.typed-0.2.84.jar:na]
	at clojure.data.json$write_object.invoke(json.clj:333) ~[core.typed-0.2.84.jar:na]
	at clojure.data.json$fn__18595$G__18590__18602.invoke(json.clj:284) ~[core.typed-0.2.84.jar:na]
	at clojure.data.json$write_array.invoke(json.clj:346) ~[core.typed-0.2.84.jar:na]
	at clojure.data.json$fn__18595$G__18590__18602.invoke(json.clj:284) ~[core.typed-0.2.84.jar:na]
	at clojure.data.json$write.doInvoke(json.clj:450) ~[core.typed-0.2.84.jar:na]
	at clojure.lang.RestFn.invoke(RestFn.java:425) ~[clojure-1.6.0.jar:na]
	at clojure.lang.AFn.applyToHelper(AFn.java:156) ~[clojure-1.6.0.jar:na]
	at clojure.lang.RestFn.applyTo(RestFn.java:132) ~[clojure-1.6.0.jar:na]
	at clojure.core$apply.invoke(core.clj:628) ~[clojure-1.6.0.jar:na]
	at clojure.data.json$write_str.doInvoke(json.clj:457) ~[core.typed-0.2.84.jar:na]
	at clojure.lang.RestFn.invoke(RestFn.java:410) ~[clojure-1.6.0.jar:na]
	at routing.routes$generate_response.doInvoke(routes.clj:17) ~[na:na]
	at clojure.lang.RestFn.invoke(RestFn.java:410) ~[clojure-1.6.0.jar:na]
	at routing.routes$items.invoke(routes.clj:20) ~[na:na]
	at routing.routes$fn__5571.invoke(routes.clj:24) ~[na:na]
	at compojure.core$make_route$fn__3251.invoke(core.clj:113) ~[na:na]
	at compojure.core$wrap_route_middleware$fn__3247.invoke(core.clj:103) ~[na:na]
	at compojure.core$if_route$fn__3226.invoke(core.clj:41) ~[na:na]
	at compojure.core$if_method$fn__3218.invoke(core.clj:27) ~[na:na]
	at compojure.core$routing$fn__3257.invoke(core.clj:127) ~[na:na]
	at clojure.core$some.invoke(core.clj:2515) ~[clojure-1.6.0.jar:na]
	at compojure.core$routing.doInvoke(core.clj:127) ~[na:na]
	at clojure.lang.RestFn.applyTo(RestFn.java:139) ~[clojure-1.6.0.jar:na]
	at clojure.core$apply.invoke(core.clj:626) ~[clojure-1.6.0.jar:na]
	at compojure.core$routes$fn__3261.invoke(core.clj:132) ~[na:na]
	at clojure.lang.Var.invoke(Var.java:379) ~[clojure-1.6.0.jar:na]
	at ring.adapter.jetty$proxy_handler$fn__1640.invoke(jetty.clj:20) ~[na:na]
	at ring.adapter.jetty.proxy$org.eclipse.jetty.server.handler.AbstractHandler$ff19274a.handle(Unknown Source) ~[na:na]
	at org.eclipse.jetty.server.handler.HandlerWrapper.handle(HandlerWrapper.java:116) ~[jetty-server-7.6.13.v20130916.jar:7.6.13.v20130916]
	at org.eclipse.jetty.server.Server.handle(Server.java:369) ~[jetty-server-7.6.13.v20130916.jar:7.6.13.v20130916]
	at org.eclipse.jetty.server.AbstractHttpConnection.handleRequest(AbstractHttpConnection.java:486) [jetty-server-7.6.13.v20130916.jar:7.6.13.v20130916]
	at org.eclipse.jetty.server.AbstractHttpConnection.headerComplete(AbstractHttpConnection.java:933) [jetty-server-7.6.13.v20130916.jar:7.6.13.v20130916]
	at org.eclipse.jetty.server.AbstractHttpConnection$RequestHandler.headerComplete(AbstractHttpConnection.java:995) [jetty-server-7.6.13.v20130916.jar:7.6.13.v20130916]
	at org.eclipse.jetty.http.HttpParser.parseNext(HttpParser.java:644) [jetty-http-7.6.13.v20130916.jar:7.6.13.v20130916]
	at org.eclipse.jetty.http.HttpParser.parseAvailable(HttpParser.java:235) [jetty-http-7.6.13.v20130916.jar:7.6.13.v20130916]
	at org.eclipse.jetty.server.AsyncHttpConnection.handle(AsyncHttpConnection.java:82) [jetty-server-7.6.13.v20130916.jar:7.6.13.v20130916]
	at org.eclipse.jetty.io.nio.SelectChannelEndPoint.handle(SelectChannelEndPoint.java:668) [jetty-io-7.6.13.v20130916.jar:7.6.13.v20130916]
	at org.eclipse.jetty.io.nio.SelectChannelEndPoint$1.run(SelectChannelEndPoint.java:52) [jetty-io-7.6.13.v20130916.jar:7.6.13.v20130916]
	at org.eclipse.jetty.util.thread.QueuedThreadPool.runJob(QueuedThreadPool.java:608) [jetty-util-7.6.13.v20130916.jar:7.6.13.v20130916]
	at org.eclipse.jetty.util.thread.QueuedThreadPool$3.run(QueuedThreadPool.java:543) [jetty-util-7.6.13.v20130916.jar:7.6.13.v20130916]
	at java.lang.Thread.run(Thread.java:745) [na:1.8.0_31]
33486 [nREPL-worker-1] INFO  org.eclipse.jetty.server.Server - jetty-7.6.13.v20130916
33522 [nREPL-worker-1] INFO  o.e.jetty.server.AbstractConnector - Started SelectChannelConnector@0.0.0.0:8080
42796 [qtp1513834832-22] WARN  o.e.j.server.AbstractHttpConnection - /items
java.lang.Exception: Don't know how to write JSON of class java.util.Date
	at clojure.data.json$write_generic.invoke(json.clj:367) ~[core.typed-0.2.84.jar:na]
	at clojure.data.json$fn__18595$G__18590__18602.invoke(json.clj:284) ~[core.typed-0.2.84.jar:na]
	at clojure.data.json$write_object.invoke(json.clj:333) ~[core.typed-0.2.84.jar:na]
	at clojure.data.json$fn__18595$G__18590__18602.invoke(json.clj:284) ~[core.typed-0.2.84.jar:na]
	at clojure.data.json$write_array.invoke(json.clj:346) ~[core.typed-0.2.84.jar:na]
	at clojure.data.json$fn__18595$G__18590__18602.invoke(json.clj:284) ~[core.typed-0.2.84.jar:na]
	at clojure.data.json$write.doInvoke(json.clj:450) ~[core.typed-0.2.84.jar:na]
	at clojure.lang.RestFn.invoke(RestFn.java:425) ~[clojure-1.6.0.jar:na]
	at clojure.lang.AFn.applyToHelper(AFn.java:156) ~[clojure-1.6.0.jar:na]
	at clojure.lang.RestFn.applyTo(RestFn.java:132) ~[clojure-1.6.0.jar:na]
	at clojure.core$apply.invoke(core.clj:628) ~[clojure-1.6.0.jar:na]
	at clojure.data.json$write_str.doInvoke(json.clj:457) ~[core.typed-0.2.84.jar:na]
	at clojure.lang.RestFn.invoke(RestFn.java:410) ~[clojure-1.6.0.jar:na]
	at routing.routes$generate_response.doInvoke(routes.clj:17) ~[na:na]
	at clojure.lang.RestFn.invoke(RestFn.java:410) ~[clojure-1.6.0.jar:na]
	at routing.routes$items.invoke(routes.clj:23) ~[na:na]
	at routing.routes$fn__5592.invoke(routes.clj:27) ~[na:na]
	at compojure.core$make_route$fn__3251.invoke(core.clj:113) ~[na:na]
	at compojure.core$wrap_route_middleware$fn__3247.invoke(core.clj:103) ~[na:na]
	at compojure.core$if_route$fn__3226.invoke(core.clj:41) ~[na:na]
	at compojure.core$if_method$fn__3218.invoke(core.clj:27) ~[na:na]
	at compojure.core$routing$fn__3257.invoke(core.clj:127) ~[na:na]
	at clojure.core$some.invoke(core.clj:2515) ~[clojure-1.6.0.jar:na]
	at compojure.core$routing.doInvoke(core.clj:127) ~[na:na]
	at clojure.lang.RestFn.applyTo(RestFn.java:139) ~[clojure-1.6.0.jar:na]
	at clojure.core$apply.invoke(core.clj:626) ~[clojure-1.6.0.jar:na]
	at compojure.core$routes$fn__3261.invoke(core.clj:132) ~[na:na]
	at clojure.lang.Var.invoke(Var.java:379) ~[clojure-1.6.0.jar:na]
	at ring.adapter.jetty$proxy_handler$fn__1640.invoke(jetty.clj:20) ~[na:na]
	at ring.adapter.jetty.proxy$org.eclipse.jetty.server.handler.AbstractHandler$ff19274a.handle(Unknown Source) ~[na:na]
	at org.eclipse.jetty.server.handler.HandlerWrapper.handle(HandlerWrapper.java:116) ~[jetty-server-7.6.13.v20130916.jar:7.6.13.v20130916]
	at org.eclipse.jetty.server.Server.handle(Server.java:369) ~[jetty-server-7.6.13.v20130916.jar:7.6.13.v20130916]
	at org.eclipse.jetty.server.AbstractHttpConnection.handleRequest(AbstractHttpConnection.java:486) [jetty-server-7.6.13.v20130916.jar:7.6.13.v20130916]
	at org.eclipse.jetty.server.AbstractHttpConnection.headerComplete(AbstractHttpConnection.java:933) [jetty-server-7.6.13.v20130916.jar:7.6.13.v20130916]
	at org.eclipse.jetty.server.AbstractHttpConnection$RequestHandler.headerComplete(AbstractHttpConnection.java:995) [jetty-server-7.6.13.v20130916.jar:7.6.13.v20130916]
	at org.eclipse.jetty.http.HttpParser.parseNext(HttpParser.java:644) [jetty-http-7.6.13.v20130916.jar:7.6.13.v20130916]
	at org.eclipse.jetty.http.HttpParser.parseAvailable(HttpParser.java:235) [jetty-http-7.6.13.v20130916.jar:7.6.13.v20130916]
	at org.eclipse.jetty.server.AsyncHttpConnection.handle(AsyncHttpConnection.java:82) [jetty-server-7.6.13.v20130916.jar:7.6.13.v20130916]
	at org.eclipse.jetty.io.nio.SelectChannelEndPoint.handle(SelectChannelEndPoint.java:668) [jetty-io-7.6.13.v20130916.jar:7.6.13.v20130916]
	at org.eclipse.jetty.io.nio.SelectChannelEndPoint$1.run(SelectChannelEndPoint.java:52) [jetty-io-7.6.13.v20130916.jar:7.6.13.v20130916]
	at org.eclipse.jetty.util.thread.QueuedThreadPool.runJob(QueuedThreadPool.java:608) [jetty-util-7.6.13.v20130916.jar:7.6.13.v20130916]
	at org.eclipse.jetty.util.thread.QueuedThreadPool$3.run(QueuedThreadPool.java:543) [jetty-util-7.6.13.v20130916.jar:7.6.13.v20130916]
	at java.lang.Thread.run(Thread.java:745) [na:1.8.0_31]
8746 [nREPL-worker-1] INFO  org.eclipse.jetty.server.Server - jetty-7.6.13.v20130916
8778 [nREPL-worker-1] INFO  o.e.jetty.server.AbstractConnector - Started SelectChannelConnector@0.0.0.0:8080
18957 [qtp2113528855-22] WARN  o.e.j.server.AbstractHttpConnection - /items
java.lang.IllegalArgumentException: No matching method found: valueOf
	at clojure.lang.Reflector.invokeMatchingMethod(Reflector.java:80) ~[clojure-1.6.0.jar:na]
	at clojure.lang.Reflector.invokeStaticMethod(Reflector.java:207) ~[clojure-1.6.0.jar:na]
	at routing.routes$date_reader.invoke(routes.clj:16) ~[na:na]
	at clojure.data.json$write_object.invoke(json.clj:323) ~[core.typed-0.2.84.jar:na]
	at clojure.data.json$fn__18595$G__18590__18602.invoke(json.clj:284) ~[core.typed-0.2.84.jar:na]
	at clojure.data.json$write_array.invoke(json.clj:346) ~[core.typed-0.2.84.jar:na]
	at clojure.data.json$fn__18595$G__18590__18602.invoke(json.clj:284) ~[core.typed-0.2.84.jar:na]
	at clojure.data.json$write.doInvoke(json.clj:450) ~[core.typed-0.2.84.jar:na]
	at clojure.lang.RestFn.applyTo(RestFn.java:142) ~[clojure-1.6.0.jar:na]
	at clojure.core$apply.invoke(core.clj:628) ~[clojure-1.6.0.jar:na]
	at clojure.data.json$write_str.doInvoke(json.clj:457) ~[core.typed-0.2.84.jar:na]
	at clojure.lang.RestFn.invoke(RestFn.java:439) ~[clojure-1.6.0.jar:na]
	at routing.routes$generate_response.doInvoke(routes.clj:22) ~[na:na]
	at clojure.lang.RestFn.invoke(RestFn.java:410) ~[clojure-1.6.0.jar:na]
	at routing.routes$items.invoke(routes.clj:25) ~[na:na]
	at routing.routes$fn__5572.invoke(routes.clj:29) ~[na:na]
	at compojure.core$make_route$fn__3251.invoke(core.clj:113) ~[na:na]
	at compojure.core$wrap_route_middleware$fn__3247.invoke(core.clj:103) ~[na:na]
	at compojure.core$if_route$fn__3226.invoke(core.clj:41) ~[na:na]
	at compojure.core$if_method$fn__3218.invoke(core.clj:27) ~[na:na]
	at compojure.core$routing$fn__3257.invoke(core.clj:127) ~[na:na]
	at clojure.core$some.invoke(core.clj:2515) ~[clojure-1.6.0.jar:na]
	at compojure.core$routing.doInvoke(core.clj:127) ~[na:na]
	at clojure.lang.RestFn.applyTo(RestFn.java:139) ~[clojure-1.6.0.jar:na]
	at clojure.core$apply.invoke(core.clj:626) ~[clojure-1.6.0.jar:na]
	at compojure.core$routes$fn__3261.invoke(core.clj:132) ~[na:na]
	at clojure.lang.Var.invoke(Var.java:379) ~[clojure-1.6.0.jar:na]
	at ring.adapter.jetty$proxy_handler$fn__1640.invoke(jetty.clj:20) ~[na:na]
	at ring.adapter.jetty.proxy$org.eclipse.jetty.server.handler.AbstractHandler$ff19274a.handle(Unknown Source) ~[na:na]
	at org.eclipse.jetty.server.handler.HandlerWrapper.handle(HandlerWrapper.java:116) ~[jetty-server-7.6.13.v20130916.jar:7.6.13.v20130916]
	at org.eclipse.jetty.server.Server.handle(Server.java:369) ~[jetty-server-7.6.13.v20130916.jar:7.6.13.v20130916]
	at org.eclipse.jetty.server.AbstractHttpConnection.handleRequest(AbstractHttpConnection.java:486) [jetty-server-7.6.13.v20130916.jar:7.6.13.v20130916]
	at org.eclipse.jetty.server.AbstractHttpConnection.headerComplete(AbstractHttpConnection.java:933) [jetty-server-7.6.13.v20130916.jar:7.6.13.v20130916]
	at org.eclipse.jetty.server.AbstractHttpConnection$RequestHandler.headerComplete(AbstractHttpConnection.java:995) [jetty-server-7.6.13.v20130916.jar:7.6.13.v20130916]
	at org.eclipse.jetty.http.HttpParser.parseNext(HttpParser.java:644) [jetty-http-7.6.13.v20130916.jar:7.6.13.v20130916]
	at org.eclipse.jetty.http.HttpParser.parseAvailable(HttpParser.java:235) [jetty-http-7.6.13.v20130916.jar:7.6.13.v20130916]
	at org.eclipse.jetty.server.AsyncHttpConnection.handle(AsyncHttpConnection.java:82) [jetty-server-7.6.13.v20130916.jar:7.6.13.v20130916]
	at org.eclipse.jetty.io.nio.SelectChannelEndPoint.handle(SelectChannelEndPoint.java:668) [jetty-io-7.6.13.v20130916.jar:7.6.13.v20130916]
	at org.eclipse.jetty.io.nio.SelectChannelEndPoint$1.run(SelectChannelEndPoint.java:52) [jetty-io-7.6.13.v20130916.jar:7.6.13.v20130916]
	at org.eclipse.jetty.util.thread.QueuedThreadPool.runJob(QueuedThreadPool.java:608) [jetty-util-7.6.13.v20130916.jar:7.6.13.v20130916]
	at org.eclipse.jetty.util.thread.QueuedThreadPool$3.run(QueuedThreadPool.java:543) [jetty-util-7.6.13.v20130916.jar:7.6.13.v20130916]
	at java.lang.Thread.run(Thread.java:745) [na:1.8.0_31]
3762 [nREPL-worker-1] INFO  org.eclipse.jetty.server.Server - jetty-7.6.13.v20130916
3791 [nREPL-worker-1] INFO  o.e.jetty.server.AbstractConnector - Started SelectChannelConnector@0.0.0.0:8080
9140 [qtp1108951351-23] WARN  o.e.j.server.AbstractHttpConnection - /items
java.lang.IllegalArgumentException: No matching method found: valueOf
	at clojure.lang.Reflector.invokeMatchingMethod(Reflector.java:80) ~[clojure-1.6.0.jar:na]
	at clojure.lang.Reflector.invokeStaticMethod(Reflector.java:207) ~[clojure-1.6.0.jar:na]
	at routing.routes$date_reader.invoke(routes.clj:17) ~[na:na]
	at clojure.data.json$write_object.invoke(json.clj:323) ~[core.typed-0.2.84.jar:na]
	at clojure.data.json$fn__18595$G__18590__18602.invoke(json.clj:284) ~[core.typed-0.2.84.jar:na]
	at clojure.data.json$write_array.invoke(json.clj:346) ~[core.typed-0.2.84.jar:na]
	at clojure.data.json$fn__18595$G__18590__18602.invoke(json.clj:284) ~[core.typed-0.2.84.jar:na]
	at clojure.data.json$write.doInvoke(json.clj:450) ~[core.typed-0.2.84.jar:na]
	at clojure.lang.RestFn.applyTo(RestFn.java:142) ~[clojure-1.6.0.jar:na]
	at clojure.core$apply.invoke(core.clj:628) ~[clojure-1.6.0.jar:na]
	at clojure.data.json$write_str.doInvoke(json.clj:457) ~[core.typed-0.2.84.jar:na]
	at clojure.lang.RestFn.invoke(RestFn.java:439) ~[clojure-1.6.0.jar:na]
	at routing.routes$generate_response.doInvoke(routes.clj:23) ~[na:na]
	at clojure.lang.RestFn.invoke(RestFn.java:410) ~[clojure-1.6.0.jar:na]
	at routing.routes$items.invoke(routes.clj:26) ~[na:na]
	at routing.routes$fn__5572.invoke(routes.clj:30) ~[na:na]
	at compojure.core$make_route$fn__3251.invoke(core.clj:113) ~[na:na]
	at compojure.core$wrap_route_middleware$fn__3247.invoke(core.clj:103) ~[na:na]
	at compojure.core$if_route$fn__3226.invoke(core.clj:41) ~[na:na]
	at compojure.core$if_method$fn__3218.invoke(core.clj:27) ~[na:na]
	at compojure.core$routing$fn__3257.invoke(core.clj:127) ~[na:na]
	at clojure.core$some.invoke(core.clj:2515) ~[clojure-1.6.0.jar:na]
	at compojure.core$routing.doInvoke(core.clj:127) ~[na:na]
	at clojure.lang.RestFn.applyTo(RestFn.java:139) ~[clojure-1.6.0.jar:na]
	at clojure.core$apply.invoke(core.clj:626) ~[clojure-1.6.0.jar:na]
	at compojure.core$routes$fn__3261.invoke(core.clj:132) ~[na:na]
	at clojure.lang.Var.invoke(Var.java:379) ~[clojure-1.6.0.jar:na]
	at ring.adapter.jetty$proxy_handler$fn__1640.invoke(jetty.clj:20) ~[na:na]
	at ring.adapter.jetty.proxy$org.eclipse.jetty.server.handler.AbstractHandler$ff19274a.handle(Unknown Source) ~[na:na]
	at org.eclipse.jetty.server.handler.HandlerWrapper.handle(HandlerWrapper.java:116) ~[jetty-server-7.6.13.v20130916.jar:7.6.13.v20130916]
	at org.eclipse.jetty.server.Server.handle(Server.java:369) ~[jetty-server-7.6.13.v20130916.jar:7.6.13.v20130916]
	at org.eclipse.jetty.server.AbstractHttpConnection.handleRequest(AbstractHttpConnection.java:486) [jetty-server-7.6.13.v20130916.jar:7.6.13.v20130916]
	at org.eclipse.jetty.server.AbstractHttpConnection.headerComplete(AbstractHttpConnection.java:933) [jetty-server-7.6.13.v20130916.jar:7.6.13.v20130916]
	at org.eclipse.jetty.server.AbstractHttpConnection$RequestHandler.headerComplete(AbstractHttpConnection.java:995) [jetty-server-7.6.13.v20130916.jar:7.6.13.v20130916]
	at org.eclipse.jetty.http.HttpParser.parseNext(HttpParser.java:644) [jetty-http-7.6.13.v20130916.jar:7.6.13.v20130916]
	at org.eclipse.jetty.http.HttpParser.parseAvailable(HttpParser.java:235) [jetty-http-7.6.13.v20130916.jar:7.6.13.v20130916]
	at org.eclipse.jetty.server.AsyncHttpConnection.handle(AsyncHttpConnection.java:82) [jetty-server-7.6.13.v20130916.jar:7.6.13.v20130916]
	at org.eclipse.jetty.io.nio.SelectChannelEndPoint.handle(SelectChannelEndPoint.java:668) [jetty-io-7.6.13.v20130916.jar:7.6.13.v20130916]
	at org.eclipse.jetty.io.nio.SelectChannelEndPoint$1.run(SelectChannelEndPoint.java:52) [jetty-io-7.6.13.v20130916.jar:7.6.13.v20130916]
	at org.eclipse.jetty.util.thread.QueuedThreadPool.runJob(QueuedThreadPool.java:608) [jetty-util-7.6.13.v20130916.jar:7.6.13.v20130916]
	at org.eclipse.jetty.util.thread.QueuedThreadPool$3.run(QueuedThreadPool.java:543) [jetty-util-7.6.13.v20130916.jar:7.6.13.v20130916]
	at java.lang.Thread.run(Thread.java:745) [na:1.8.0_31]
3691 [nREPL-worker-2] INFO  org.eclipse.jetty.server.Server - jetty-7.6.13.v20130916
3720 [nREPL-worker-2] INFO  o.e.jetty.server.AbstractConnector - Started SelectChannelConnector@0.0.0.0:8080
13414 [qtp1089958561-23] WARN  o.e.j.server.AbstractHttpConnection - /items
java.lang.IllegalArgumentException: No matching method found: valueOf
	at clojure.lang.Reflector.invokeMatchingMethod(Reflector.java:80) ~[clojure-1.6.0.jar:na]
	at clojure.lang.Reflector.invokeStaticMethod(Reflector.java:207) ~[clojure-1.6.0.jar:na]
	at routing.routes$date_reader.invoke(routes.clj:19) ~[na:na]
	at clojure.data.json$write_object.invoke(json.clj:323) ~[core.typed-0.2.84.jar:na]
	at clojure.data.json$fn__18595$G__18590__18602.invoke(json.clj:284) ~[core.typed-0.2.84.jar:na]
	at clojure.data.json$write_array.invoke(json.clj:346) ~[core.typed-0.2.84.jar:na]
	at clojure.data.json$fn__18595$G__18590__18602.invoke(json.clj:284) ~[core.typed-0.2.84.jar:na]
	at clojure.data.json$write.doInvoke(json.clj:450) ~[core.typed-0.2.84.jar:na]
	at clojure.lang.RestFn.applyTo(RestFn.java:142) ~[clojure-1.6.0.jar:na]
	at clojure.core$apply.invoke(core.clj:628) ~[clojure-1.6.0.jar:na]
	at clojure.data.json$write_str.doInvoke(json.clj:457) ~[core.typed-0.2.84.jar:na]
	at clojure.lang.RestFn.invoke(RestFn.java:439) ~[clojure-1.6.0.jar:na]
	at routing.routes$generate_response.doInvoke(routes.clj:26) ~[na:na]
	at clojure.lang.RestFn.invoke(RestFn.java:410) ~[clojure-1.6.0.jar:na]
	at routing.routes$items.invoke(routes.clj:29) ~[na:na]
	at routing.routes$fn__5574.invoke(routes.clj:33) ~[na:na]
	at compojure.core$make_route$fn__3252.invoke(core.clj:113) ~[na:na]
	at compojure.core$wrap_route_middleware$fn__3248.invoke(core.clj:103) ~[na:na]
	at compojure.core$if_route$fn__3227.invoke(core.clj:41) ~[na:na]
	at compojure.core$if_method$fn__3219.invoke(core.clj:27) ~[na:na]
	at compojure.core$routing$fn__3258.invoke(core.clj:127) ~[na:na]
	at clojure.core$some.invoke(core.clj:2515) ~[clojure-1.6.0.jar:na]
	at compojure.core$routing.doInvoke(core.clj:127) ~[na:na]
	at clojure.lang.RestFn.applyTo(RestFn.java:139) ~[clojure-1.6.0.jar:na]
	at clojure.core$apply.invoke(core.clj:626) ~[clojure-1.6.0.jar:na]
	at compojure.core$routes$fn__3262.invoke(core.clj:132) ~[na:na]
	at clojure.lang.Var.invoke(Var.java:379) ~[clojure-1.6.0.jar:na]
	at ring.adapter.jetty$proxy_handler$fn__1641.invoke(jetty.clj:20) ~[na:na]
	at ring.adapter.jetty.proxy$org.eclipse.jetty.server.handler.AbstractHandler$ff19274a.handle(Unknown Source) ~[na:na]
	at org.eclipse.jetty.server.handler.HandlerWrapper.handle(HandlerWrapper.java:116) ~[jetty-server-7.6.13.v20130916.jar:7.6.13.v20130916]
	at org.eclipse.jetty.server.Server.handle(Server.java:369) ~[jetty-server-7.6.13.v20130916.jar:7.6.13.v20130916]
	at org.eclipse.jetty.server.AbstractHttpConnection.handleRequest(AbstractHttpConnection.java:486) [jetty-server-7.6.13.v20130916.jar:7.6.13.v20130916]
	at org.eclipse.jetty.server.AbstractHttpConnection.headerComplete(AbstractHttpConnection.java:933) [jetty-server-7.6.13.v20130916.jar:7.6.13.v20130916]
	at org.eclipse.jetty.server.AbstractHttpConnection$RequestHandler.headerComplete(AbstractHttpConnection.java:995) [jetty-server-7.6.13.v20130916.jar:7.6.13.v20130916]
	at org.eclipse.jetty.http.HttpParser.parseNext(HttpParser.java:644) [jetty-http-7.6.13.v20130916.jar:7.6.13.v20130916]
	at org.eclipse.jetty.http.HttpParser.parseAvailable(HttpParser.java:235) [jetty-http-7.6.13.v20130916.jar:7.6.13.v20130916]
	at org.eclipse.jetty.server.AsyncHttpConnection.handle(AsyncHttpConnection.java:82) [jetty-server-7.6.13.v20130916.jar:7.6.13.v20130916]
	at org.eclipse.jetty.io.nio.SelectChannelEndPoint.handle(SelectChannelEndPoint.java:668) [jetty-io-7.6.13.v20130916.jar:7.6.13.v20130916]
	at org.eclipse.jetty.io.nio.SelectChannelEndPoint$1.run(SelectChannelEndPoint.java:52) [jetty-io-7.6.13.v20130916.jar:7.6.13.v20130916]
	at org.eclipse.jetty.util.thread.QueuedThreadPool.runJob(QueuedThreadPool.java:608) [jetty-util-7.6.13.v20130916.jar:7.6.13.v20130916]
	at org.eclipse.jetty.util.thread.QueuedThreadPool$3.run(QueuedThreadPool.java:543) [jetty-util-7.6.13.v20130916.jar:7.6.13.v20130916]
	at java.lang.Thread.run(Thread.java:745) [na:1.8.0_31]
3738 [nREPL-worker-1] INFO  org.eclipse.jetty.server.Server - jetty-7.6.13.v20130916
3766 [nREPL-worker-1] INFO  o.e.jetty.server.AbstractConnector - Started SelectChannelConnector@0.0.0.0:8080
3734 [nREPL-worker-0] INFO  org.eclipse.jetty.server.Server - jetty-7.6.13.v20130916
3761 [nREPL-worker-0] INFO  o.e.jetty.server.AbstractConnector - Started SelectChannelConnector@0.0.0.0:8080
